<?xml version="1.0" encoding="UTF-8"?>
<!-- Generated by org.testng.reporters.JUnitXMLReporter -->
<testsuite hostname="siva-7333" name="Test" tests="1" failures="1" timestamp="12 Feb 2020 09:34:55 GMT" time="7.047" errors="0">
  <testcase name="popularVideos" time="0.552" classname="com.mobilefirst.youtube_api_integration.PopularVideos">
    <failure type="java.lang.NullPointerException">
      <![CDATA[java.lang.NullPointerException
	at com.mobilefirst.youtube_api_integration.PopularVideos.getPopularYoutubeVideos(PopularVideos.java:116)
	at com.mobilefirst.youtube_api_integration.PopularVideos.popularVideos(PopularVideos.java:60)
... Removed 24 stack frames]]>
    </failure>
  </testcase> <!-- popularVideos -->
</testsuite> <!-- Test -->
