<?xml version="1.0" encoding="UTF-8"?>
<testng-results skipped="0" failed="0" total="1" passed="1">
  <reporter-output>
  </reporter-output>
  <suite name="Default suite" duration-ms="242403" started-at="2020-02-12T10:12:55Z" finished-at="2020-02-12T10:16:58Z">
    <groups>
    </groups>
    <test name="Default test" duration-ms="242403" started-at="2020-02-12T10:12:55Z" finished-at="2020-02-12T10:16:58Z">
      <class name="com.mobilefirst.youtube_api_integration.PopularVideos">
        <test-method status="PASS" signature="getStudioDetails()[pri:0, instance:com.mobilefirst.youtube_api_integration.PopularVideos@3a82f6ef]" name="getStudioDetails" is-config="true" duration-ms="4052" started-at="2020-02-12T15:42:55Z" finished-at="2020-02-12T15:42:59Z">
          <reporter-output>
          </reporter-output>
        </test-method> <!-- getStudioDetails -->
        <test-method status="PASS" signature="popularVideos()[pri:0, instance:com.mobilefirst.youtube_api_integration.PopularVideos@3a82f6ef]" name="popularVideos" duration-ms="238339" started-at="2020-02-12T15:42:59Z" finished-at="2020-02-12T15:46:58Z">
          <reporter-output>
          </reporter-output>
        </test-method> <!-- popularVideos -->
      </class> <!-- com.mobilefirst.youtube_api_integration.PopularVideos -->
    </test> <!-- Default test -->
  </suite> <!-- Default suite -->
</testng-results>
